GROUP,PACKAGE,CLASS,INSTRUCTION_MISSED,INSTRUCTION_COVERED,BRANCH_MISSED,BRANCH_COVERED,LINE_MISSED,LINE_COVERED,COMPLEXITY_MISSED,COMPLEXITY_COVERED,METHOD_MISSED,METHOD_COVERED
Lab4_Maven,ua.lviv.iot.creativity.model,Tissue,18,29,0,0,1,12,1,6,1,6
Lab4_Maven,ua.lviv.iot.creativity.model,CreativityGood,22,36,0,0,1,16,1,8,1,8
Lab4_Maven,ua.lviv.iot.creativity.model,Type,0,24,0,0,0,2,0,1,0,1
Lab4_Maven,ua.lviv.iot.creativity.model,Needle,13,19,0,0,1,8,1,4,1,4
Lab4_Maven,ua.lviv.iot.creativity.model,Thread,13,19,0,0,1,8,1,4,1,4
Lab4_Maven,ua.lviv.iot.creativity.manager,CreativityManager,8,41,2,4,2,11,2,6,0,5
Lab4_Maven,ua.lviv.iot.main,Main,64,0,0,0,14,0,2,0,2,0
